2026-03-06 01:49:59 | INFO | AUTH | SUCCESS | User: testuser from testclient
2026-03-06 01:50:00 | INFO | AUTH | FAILED | User: testuser from testclient
2026-03-06 01:50:00 | INFO | AUTH | FAILED | User: wronguser from testclient
2026-03-06 01:50:01 | INFO | AUTH | SUCCESS | User: testuser from testclient
2026-03-06 01:50:01 | INFO | AUTH | SUCCESS | User: testuser from testclient
2026-03-06 01:50:02 | INFO | AUTH | SUCCESS | User: testuser from testclient
2026-03-06 01:50:03 | INFO | AUTH | SUCCESS | User: testuser from testclient
2026-03-06 01:50:04 | INFO | AUTH | SUCCESS | User: testuser from testclient
2026-03-06 01:50:04 | INFO | AUTH | SUCCESS | User: testuser from testclient
2026-03-06 01:50:05 | INFO | AUTH | SUCCESS | User: testuser from testclient
2026-03-06 01:50:06 | INFO | AUTH | SUCCESS | User: testuser from testclient
2026-03-06 01:50:07 | INFO | AUTH | SUCCESS | User: testuser from testclient
2026-03-06 01:50:07 | INFO | AUTH | SUCCESS | User: testuser from testclient
2026-03-06 01:50:08 | INFO | AUTH | SUCCESS | User: testuser from testclient
2026-03-06 02:08:46 | INFO | AUTH | SUCCESS | User: testuser from testclient
2026-03-06 02:08:47 | INFO | AUTH | FAILED | User: testuser from testclient
2026-03-06 02:08:48 | INFO | AUTH | FAILED | User: wronguser from testclient
2026-03-06 02:08:48 | INFO | AUTH | SUCCESS | User: testuser from testclient
2026-03-06 02:08:49 | INFO | AUTH | SUCCESS | User: testuser from testclient
2026-03-06 02:08:50 | INFO | AUTH | SUCCESS | User: testuser from testclient
2026-03-06 02:08:50 | INFO | AUTH | SUCCESS | User: testuser from testclient
2026-03-06 02:08:51 | INFO | AUTH | SUCCESS | User: testuser from testclient
2026-03-06 02:08:52 | INFO | AUTH | SUCCESS | User: testuser from testclient
2026-03-06 02:08:53 | INFO | AUTH | SUCCESS | User: testuser from testclient
2026-03-06 02:08:53 | INFO | AUTH | SUCCESS | User: testuser from testclient
2026-03-06 02:08:54 | INFO | AUTH | SUCCESS | User: testuser from testclient
2026-03-06 02:08:55 | INFO | AUTH | SUCCESS | User: testuser from testclient
2026-03-06 02:08:56 | INFO | AUTH | SUCCESS | User: testuser from testclient
2026-03-06 05:16:31 | INFO | AUTH | SUCCESS | User: testuser from testclient
2026-03-06 05:16:31 | INFO | AUTH | FAILED | User: testuser from testclient
2026-03-06 05:16:32 | INFO | AUTH | FAILED | User: wronguser from testclient
2026-03-06 05:16:32 | INFO | AUTH | SUCCESS | User: testuser from testclient
2026-03-06 05:16:33 | INFO | AUTH | SUCCESS | User: testuser from testclient
2026-03-06 05:16:33 | INFO | AUTH | SUCCESS | User: testuser from testclient
2026-03-06 05:16:34 | INFO | AUTH | SUCCESS | User: testuser from testclient
2026-03-06 05:16:35 | INFO | AUTH | SUCCESS | User: testuser from testclient
2026-03-06 05:16:35 | INFO | AUTH | SUCCESS | User: testuser from testclient
2026-03-06 05:16:36 | INFO | AUTH | SUCCESS | User: testuser from testclient
2026-03-06 05:16:37 | INFO | AUTH | SUCCESS | User: testuser from testclient
2026-03-06 05:16:37 | INFO | AUTH | SUCCESS | User: testuser from testclient
2026-03-06 05:16:38 | INFO | AUTH | SUCCESS | User: testuser from testclient
2026-03-06 05:16:39 | INFO | AUTH | SUCCESS | User: testuser from testclient
2026-03-06 05:20:27 | INFO | AUTH | SUCCESS | User: testuser from testclient
2026-03-06 05:20:28 | INFO | AUTH | FAILED | User: testuser from testclient
2026-03-06 05:20:28 | INFO | AUTH | FAILED | User: wronguser from testclient
2026-03-06 05:20:29 | INFO | AUTH | SUCCESS | User: testuser from testclient
2026-03-06 05:20:29 | INFO | AUTH | SUCCESS | User: testuser from testclient
2026-03-06 05:20:30 | INFO | AUTH | SUCCESS | User: testuser from testclient
2026-03-06 05:20:31 | INFO | AUTH | SUCCESS | User: testuser from testclient
2026-03-06 05:20:31 | INFO | AUTH | SUCCESS | User: testuser from testclient
2026-03-06 05:20:32 | INFO | AUTH | SUCCESS | User: testuser from testclient
2026-03-06 05:20:33 | INFO | AUTH | SUCCESS | User: testuser from testclient
2026-03-06 05:20:33 | INFO | AUTH | SUCCESS | User: testuser from testclient
2026-03-06 05:20:34 | INFO | AUTH | SUCCESS | User: testuser from testclient
2026-03-06 05:20:35 | INFO | AUTH | SUCCESS | User: testuser from testclient
2026-03-06 05:20:35 | INFO | AUTH | SUCCESS | User: testuser from testclient
2026-03-06 05:26:31 | INFO | AUTH | SUCCESS | User: testuser from testclient
2026-03-06 05:26:32 | INFO | AUTH | FAILED | User: testuser from testclient
2026-03-06 05:26:32 | INFO | AUTH | FAILED | User: wronguser from testclient
2026-03-06 05:26:33 | INFO | AUTH | SUCCESS | User: testuser from testclient
2026-03-06 05:26:33 | INFO | AUTH | SUCCESS | User: testuser from testclient
2026-03-06 05:26:34 | INFO | AUTH | SUCCESS | User: testuser from testclient
2026-03-06 05:26:35 | INFO | AUTH | SUCCESS | User: testuser from testclient
2026-03-06 05:26:36 | INFO | AUTH | SUCCESS | User: testuser from testclient
2026-03-06 05:26:36 | INFO | AUTH | SUCCESS | User: testuser from testclient
2026-03-06 05:26:37 | INFO | AUTH | SUCCESS | User: testuser from testclient
2026-03-06 05:26:38 | INFO | AUTH | SUCCESS | User: testuser from testclient
2026-03-06 05:26:38 | INFO | AUTH | SUCCESS | User: testuser from testclient
2026-03-06 05:26:39 | INFO | AUTH | SUCCESS | User: testuser from testclient
2026-03-06 05:26:40 | INFO | AUTH | SUCCESS | User: testuser from testclient
2026-03-06 05:38:13 | INFO | AUTH | SUCCESS | User: testuser from testclient
2026-03-06 05:38:14 | INFO | AUTH | FAILED | User: testuser from testclient
2026-03-06 05:38:14 | INFO | AUTH | FAILED | User: wronguser from testclient
2026-03-06 05:38:15 | INFO | AUTH | SUCCESS | User: testuser from testclient
2026-03-06 05:38:16 | INFO | AUTH | SUCCESS | User: testuser from testclient
2026-03-06 05:38:17 | INFO | AUTH | SUCCESS | User: testuser from testclient
2026-03-06 05:38:18 | INFO | AUTH | SUCCESS | User: testuser from testclient
2026-03-06 05:38:18 | INFO | AUTH | SUCCESS | User: testuser from testclient
2026-03-06 05:38:19 | INFO | AUTH | SUCCESS | User: testuser from testclient
2026-03-06 05:38:20 | INFO | AUTH | SUCCESS | User: testuser from testclient
2026-03-06 05:38:21 | INFO | AUTH | SUCCESS | User: testuser from testclient
2026-03-06 05:38:22 | INFO | AUTH | SUCCESS | User: testuser from testclient
2026-03-06 05:38:23 | INFO | AUTH | SUCCESS | User: testuser from testclient
2026-03-06 05:38:23 | INFO | AUTH | SUCCESS | User: testuser from testclient
2026-03-06 05:56:15 | INFO | AUTH | SUCCESS | User: testuser from testclient
2026-03-06 05:56:15 | INFO | AUTH | FAILED | User: testuser from testclient
2026-03-06 05:56:16 | INFO | AUTH | FAILED | User: wronguser from testclient
2026-03-06 05:56:17 | INFO | AUTH | SUCCESS | User: testuser from testclient
2026-03-06 05:56:18 | INFO | AUTH | SUCCESS | User: testuser from testclient
2026-03-06 05:56:19 | INFO | AUTH | SUCCESS | User: testuser from testclient
2026-03-06 05:56:19 | INFO | AUTH | SUCCESS | User: testuser from testclient
2026-03-06 05:56:20 | INFO | AUTH | SUCCESS | User: testuser from testclient
2026-03-06 05:56:21 | INFO | AUTH | SUCCESS | User: testuser from testclient
2026-03-06 05:56:23 | INFO | AUTH | SUCCESS | User: testuser from testclient
2026-03-06 05:56:24 | INFO | AUTH | SUCCESS | User: testuser from testclient
2026-03-06 05:56:24 | INFO | AUTH | SUCCESS | User: testuser from testclient
2026-03-06 05:56:25 | INFO | AUTH | SUCCESS | User: testuser from testclient
2026-03-06 05:56:26 | INFO | AUTH | SUCCESS | User: testuser from testclient
2026-03-06 05:56:58 | INFO | AUTH | SUCCESS | User: testuser from testclient
2026-03-06 05:56:59 | INFO | AUTH | FAILED | User: testuser from testclient
2026-03-06 05:56:59 | INFO | AUTH | FAILED | User: wronguser from testclient
2026-03-06 05:57:00 | INFO | AUTH | SUCCESS | User: testuser from testclient
2026-03-06 05:57:02 | INFO | AUTH | SUCCESS | User: testuser from testclient
2026-03-06 05:57:02 | INFO | AUTH | SUCCESS | User: testuser from testclient
2026-03-06 05:57:03 | INFO | AUTH | SUCCESS | User: testuser from testclient
2026-03-06 05:57:04 | INFO | AUTH | SUCCESS | User: testuser from testclient
2026-03-06 05:57:04 | INFO | AUTH | SUCCESS | User: testuser from testclient
2026-03-06 05:57:09 | INFO | AUTH | SUCCESS | User: testuser from testclient
2026-03-06 05:57:10 | INFO | AUTH | SUCCESS | User: testuser from testclient
2026-03-06 05:57:11 | INFO | AUTH | SUCCESS | User: testuser from testclient
2026-03-06 05:57:11 | INFO | AUTH | SUCCESS | User: testuser from testclient
2026-03-06 05:57:12 | INFO | AUTH | SUCCESS | User: testuser from testclient
2026-03-13 11:29:49 | INFO | AUTH | FAILED | User: admin from 127.0.0.1
2026-03-13 11:30:38 | INFO | AUTH | SUCCESS | User: admin from 127.0.0.1
2026-03-13 11:48:58 | INFO | AUTH | SUCCESS | User: admin from 127.0.0.1
2026-03-19 16:15:35 | INFO | AUTH | SUCCESS | User: testuser from testclient
2026-03-19 16:15:36 | INFO | AUTH | FAILED | User: testuser from testclient
2026-03-19 16:15:37 | INFO | AUTH | FAILED | User: wronguser from testclient
2026-03-19 16:15:38 | INFO | AUTH | SUCCESS | User: testuser from testclient
2026-03-19 16:15:42 | INFO | AUTH | SUCCESS | User: testuser from testclient
2026-03-19 16:15:43 | INFO | AUTH | SUCCESS | User: testuser from testclient
2026-03-19 16:15:44 | INFO | AUTH | SUCCESS | User: testuser from testclient
2026-03-19 16:15:45 | INFO | AUTH | SUCCESS | User: testuser from testclient
2026-03-19 16:15:46 | INFO | AUTH | SUCCESS | User: testuser from testclient
2026-03-19 16:15:56 | INFO | AUTH | SUCCESS | User: testuser from testclient
2026-03-19 16:15:57 | INFO | AUTH | SUCCESS | User: testuser from testclient
2026-03-19 16:15:58 | INFO | AUTH | SUCCESS | User: testuser from testclient
2026-03-19 16:15:59 | INFO | AUTH | SUCCESS | User: testuser from testclient
2026-03-19 16:16:00 | INFO | AUTH | SUCCESS | User: testuser from testclient
2026-03-19 16:16:16 | INFO | AUTH | SUCCESS | User: testuser from testclient
2026-03-19 16:30:51 | INFO | AUTH | SUCCESS | User: testuser from testclient
2026-03-19 16:30:52 | INFO | AUTH | FAILED | User: testuser from testclient
2026-03-19 16:30:52 | INFO | AUTH | FAILED | User: wronguser from testclient
2026-03-19 16:30:53 | INFO | AUTH | SUCCESS | User: testuser from testclient
2026-03-19 16:30:56 | INFO | AUTH | SUCCESS | User: testuser from testclient
2026-03-19 16:30:57 | INFO | AUTH | SUCCESS | User: testuser from testclient
2026-03-19 16:30:57 | INFO | AUTH | SUCCESS | User: testuser from testclient
2026-03-19 16:30:58 | INFO | AUTH | SUCCESS | User: testuser from testclient
2026-03-19 16:31:00 | INFO | AUTH | SUCCESS | User: testuser from testclient
2026-03-19 16:31:06 | INFO | AUTH | SUCCESS | User: testuser from testclient
2026-03-19 16:31:07 | INFO | AUTH | SUCCESS | User: testuser from testclient
2026-03-19 16:31:08 | INFO | AUTH | SUCCESS | User: testuser from testclient
2026-03-19 16:31:09 | INFO | AUTH | SUCCESS | User: testuser from testclient
2026-03-19 16:31:10 | INFO | AUTH | SUCCESS | User: testuser from testclient
2026-03-19 16:31:27 | INFO | AUTH | SUCCESS | User: testuser from testclient
2026-03-19 16:38:23 | INFO | AUTH | SUCCESS | User: testuser from testclient
2026-03-19 16:38:24 | INFO | AUTH | FAILED | User: testuser from testclient
2026-03-19 16:38:24 | INFO | AUTH | FAILED | User: wronguser from testclient
2026-03-19 16:38:25 | INFO | AUTH | SUCCESS | User: testuser from testclient
2026-03-19 16:38:27 | INFO | AUTH | SUCCESS | User: testuser from testclient
2026-03-19 16:38:28 | INFO | AUTH | SUCCESS | User: testuser from testclient
2026-03-19 16:38:29 | INFO | AUTH | SUCCESS | User: testuser from testclient
2026-03-19 16:38:30 | INFO | AUTH | SUCCESS | User: testuser from testclient
2026-03-19 16:38:31 | INFO | AUTH | SUCCESS | User: testuser from testclient
2026-03-19 16:38:36 | INFO | AUTH | SUCCESS | User: testuser from testclient
2026-03-19 16:38:38 | INFO | AUTH | SUCCESS | User: testuser from testclient
2026-03-19 16:38:39 | INFO | AUTH | SUCCESS | User: testuser from testclient
2026-03-19 16:38:40 | INFO | AUTH | SUCCESS | User: testuser from testclient
2026-03-19 16:38:41 | INFO | AUTH | SUCCESS | User: testuser from testclient
2026-03-19 16:43:49 | INFO | AUTH | SUCCESS | User: testuser from testclient
2026-03-19 16:43:49 | INFO | AUTH | FAILED | User: testuser from testclient
2026-03-19 16:43:50 | INFO | AUTH | FAILED | User: wronguser from testclient
2026-03-19 16:43:51 | INFO | AUTH | SUCCESS | User: testuser from testclient
2026-03-19 16:43:54 | INFO | AUTH | SUCCESS | User: testuser from testclient
2026-03-19 16:43:55 | INFO | AUTH | SUCCESS | User: testuser from testclient
2026-03-19 16:43:56 | INFO | AUTH | SUCCESS | User: testuser from testclient
2026-03-19 16:43:57 | INFO | AUTH | SUCCESS | User: testuser from testclient
2026-03-19 16:43:58 | INFO | AUTH | SUCCESS | User: testuser from testclient
2026-03-19 16:44:00 | INFO | AUTH | SUCCESS | User: testuser from testclient
2026-03-19 16:44:01 | INFO | AUTH | SUCCESS | User: testuser from testclient
2026-03-19 16:44:02 | INFO | AUTH | SUCCESS | User: testuser from testclient
2026-03-19 16:44:03 | INFO | AUTH | SUCCESS | User: testuser from testclient
2026-03-19 16:44:04 | INFO | AUTH | SUCCESS | User: testuser from testclient
2026-03-19 16:44:56 | INFO | AUTH | SUCCESS | User: testuser from testclient
2026-03-19 16:44:57 | INFO | AUTH | FAILED | User: testuser from testclient
2026-03-19 16:44:58 | INFO | AUTH | FAILED | User: wronguser from testclient
2026-03-19 16:44:59 | INFO | AUTH | SUCCESS | User: testuser from testclient
2026-03-19 16:45:03 | INFO | AUTH | SUCCESS | User: testuser from testclient
2026-03-19 16:45:05 | INFO | AUTH | SUCCESS | User: testuser from testclient
2026-03-19 16:45:06 | INFO | AUTH | SUCCESS | User: testuser from testclient
2026-03-19 16:45:07 | INFO | AUTH | SUCCESS | User: testuser from testclient
2026-03-19 16:45:09 | INFO | AUTH | SUCCESS | User: testuser from testclient
2026-03-19 16:45:11 | INFO | AUTH | SUCCESS | User: testuser from testclient
2026-03-19 16:45:13 | INFO | AUTH | SUCCESS | User: testuser from testclient
2026-03-19 16:45:14 | INFO | AUTH | SUCCESS | User: testuser from testclient
2026-03-19 16:45:15 | INFO | AUTH | SUCCESS | User: testuser from testclient
2026-03-19 16:45:17 | INFO | AUTH | SUCCESS | User: testuser from testclient
2026-03-19 16:52:49 | INFO | AUTH | SUCCESS | User: testuser from testclient
2026-03-19 16:52:50 | INFO | AUTH | FAILED | User: testuser from testclient
2026-03-19 16:52:51 | INFO | AUTH | FAILED | User: wronguser from testclient
2026-03-19 16:52:52 | INFO | AUTH | SUCCESS | User: testuser from testclient
2026-03-19 16:52:55 | INFO | AUTH | SUCCESS | User: testuser from testclient
2026-03-19 16:52:56 | INFO | AUTH | SUCCESS | User: testuser from testclient
2026-03-19 16:52:57 | INFO | AUTH | SUCCESS | User: testuser from testclient
2026-03-19 16:52:58 | INFO | AUTH | SUCCESS | User: testuser from testclient
2026-03-19 16:52:59 | INFO | AUTH | SUCCESS | User: testuser from testclient
2026-03-19 16:53:02 | INFO | AUTH | SUCCESS | User: testuser from testclient
2026-03-19 16:53:03 | INFO | AUTH | SUCCESS | User: testuser from testclient
2026-03-19 16:53:04 | INFO | AUTH | SUCCESS | User: testuser from testclient
2026-03-19 16:53:05 | INFO | AUTH | SUCCESS | User: testuser from testclient
2026-03-19 16:53:06 | INFO | AUTH | SUCCESS | User: testuser from testclient
2026-03-19 16:54:53 | INFO | AUTH | SUCCESS | User: testuser from testclient
2026-03-19 16:54:54 | INFO | AUTH | FAILED | User: testuser from testclient
2026-03-19 16:54:55 | INFO | AUTH | FAILED | User: wronguser from testclient
2026-03-19 16:54:56 | INFO | AUTH | SUCCESS | User: testuser from testclient
2026-03-19 16:54:59 | INFO | AUTH | SUCCESS | User: testuser from testclient
2026-03-19 16:55:00 | INFO | AUTH | SUCCESS | User: testuser from testclient
2026-03-19 16:55:02 | INFO | AUTH | SUCCESS | User: testuser from testclient
2026-03-19 16:55:03 | INFO | AUTH | SUCCESS | User: testuser from testclient
2026-03-19 16:55:04 | INFO | AUTH | SUCCESS | User: testuser from testclient
2026-03-19 16:55:07 | INFO | AUTH | SUCCESS | User: testuser from testclient
2026-03-19 16:55:08 | INFO | AUTH | SUCCESS | User: testuser from testclient
2026-03-19 16:55:11 | INFO | AUTH | SUCCESS | User: testuser from testclient
2026-03-19 16:55:12 | INFO | AUTH | SUCCESS | User: testuser from testclient
2026-03-19 16:55:14 | INFO | AUTH | SUCCESS | User: testuser from testclient
2026-03-19 16:55:16 | INFO | AUTH | SUCCESS | User: testuser from testclient
2026-03-19 16:55:18 | INFO | AUTH | SUCCESS | User: testuser from testclient
2026-03-19 16:55:19 | INFO | AUTH | SUCCESS | User: testuser from testclient
2026-03-19 16:55:20 | INFO | AUTH | SUCCESS | User: testuser from testclient
2026-03-19 16:55:21 | INFO | AUTH | SUCCESS | User: testuser from testclient
2026-03-19 16:55:26 | INFO | AUTH | SUCCESS | User: testuser from testclient
2026-03-19 16:55:27 | INFO | AUTH | SUCCESS | User: testuser from testclient
2026-03-19 16:55:28 | INFO | AUTH | SUCCESS | User: testuser from testclient
2026-03-19 16:55:29 | INFO | AUTH | SUCCESS | User: testuser from testclient
2026-03-19 16:55:30 | INFO | AUTH | SUCCESS | User: testuser from testclient
2026-03-19 16:55:32 | INFO | AUTH | SUCCESS | User: testuser from testclient
2026-03-19 16:56:37 | INFO | AUTH | SUCCESS | User: testuser from testclient
2026-03-19 16:56:38 | INFO | AUTH | FAILED | User: testuser from testclient
2026-03-19 16:56:39 | INFO | AUTH | FAILED | User: wronguser from testclient
2026-03-19 16:56:40 | INFO | AUTH | SUCCESS | User: testuser from testclient
2026-03-19 16:56:43 | INFO | AUTH | SUCCESS | User: testuser from testclient
2026-03-19 16:56:45 | INFO | AUTH | SUCCESS | User: testuser from testclient
2026-03-19 16:56:46 | INFO | AUTH | SUCCESS | User: testuser from testclient
2026-03-19 16:56:47 | INFO | AUTH | SUCCESS | User: testuser from testclient
2026-03-19 16:56:48 | INFO | AUTH | SUCCESS | User: testuser from testclient
2026-03-19 16:56:51 | INFO | AUTH | SUCCESS | User: testuser from testclient
2026-03-19 16:56:53 | INFO | AUTH | SUCCESS | User: testuser from testclient
2026-03-19 16:56:54 | INFO | AUTH | SUCCESS | User: testuser from testclient
2026-03-19 16:56:56 | INFO | AUTH | SUCCESS | User: testuser from testclient
2026-03-19 16:56:57 | INFO | AUTH | SUCCESS | User: testuser from testclient
2026-03-19 16:56:58 | INFO | AUTH | SUCCESS | User: testuser from testclient
2026-03-19 16:56:59 | INFO | AUTH | SUCCESS | User: testuser from testclient
2026-03-19 16:57:01 | INFO | AUTH | SUCCESS | User: testuser from testclient
2026-03-19 16:57:02 | INFO | AUTH | SUCCESS | User: testuser from testclient
2026-03-19 16:57:07 | INFO | AUTH | SUCCESS | User: testuser from testclient
2026-03-19 16:57:08 | INFO | AUTH | SUCCESS | User: testuser from testclient
2026-03-19 16:57:09 | INFO | AUTH | SUCCESS | User: testuser from testclient
2026-03-19 17:18:00 | INFO | AUTH | SUCCESS | User: testuser from testclient
2026-03-19 17:18:01 | INFO | AUTH | FAILED | User: testuser from testclient
2026-03-19 17:18:01 | INFO | AUTH | FAILED | User: wronguser from testclient
2026-03-19 17:18:02 | INFO | AUTH | SUCCESS | User: testuser from testclient
2026-03-19 17:18:06 | INFO | AUTH | SUCCESS | User: testuser from testclient
2026-03-19 17:18:07 | INFO | AUTH | SUCCESS | User: testuser from testclient
2026-03-19 17:18:08 | INFO | AUTH | SUCCESS | User: testuser from testclient
2026-03-19 17:18:09 | INFO | AUTH | SUCCESS | User: testuser from testclient
2026-03-19 17:18:10 | INFO | AUTH | SUCCESS | User: testuser from testclient
2026-03-19 17:18:16 | INFO | AUTH | SUCCESS | User: testuser from testclient
2026-03-19 17:18:17 | INFO | AUTH | SUCCESS | User: testuser from testclient
2026-03-19 17:18:18 | INFO | AUTH | SUCCESS | User: testuser from testclient
2026-03-19 17:18:19 | INFO | AUTH | SUCCESS | User: testuser from testclient
2026-03-19 17:18:20 | INFO | AUTH | SUCCESS | User: testuser from testclient
2026-03-19 17:18:21 | INFO | AUTH | SUCCESS | User: testuser from testclient
2026-03-19 17:18:22 | INFO | AUTH | SUCCESS | User: testuser from testclient
2026-03-19 17:18:22 | INFO | AUTH | SUCCESS | User: testuser from testclient
2026-03-19 17:18:23 | INFO | AUTH | SUCCESS | User: testuser from testclient
2026-03-19 17:18:29 | INFO | AUTH | SUCCESS | User: testuser from testclient
2026-03-19 17:18:30 | INFO | AUTH | SUCCESS | User: testuser from testclient
2026-03-19 17:18:31 | INFO | AUTH | SUCCESS | User: testuser from testclient
2026-03-19 17:44:49 | INFO | AUTH | SUCCESS | User: testuser from testclient
2026-03-19 17:44:50 | INFO | AUTH | FAILED | User: testuser from testclient
2026-03-19 17:44:51 | INFO | AUTH | FAILED | User: wronguser from testclient
2026-03-19 17:44:51 | INFO | AUTH | SUCCESS | User: testuser from testclient
2026-03-19 17:44:54 | INFO | AUTH | SUCCESS | User: testuser from testclient
2026-03-19 17:44:54 | INFO | AUTH | SUCCESS | User: testuser from testclient
2026-03-19 17:44:55 | INFO | AUTH | SUCCESS | User: testuser from testclient
2026-03-19 17:44:56 | INFO | AUTH | SUCCESS | User: testuser from testclient
2026-03-19 17:44:57 | INFO | AUTH | SUCCESS | User: testuser from testclient
2026-03-19 17:45:02 | INFO | AUTH | SUCCESS | User: testuser from testclient
2026-03-19 17:45:03 | INFO | AUTH | SUCCESS | User: testuser from testclient
2026-03-19 17:45:04 | INFO | AUTH | SUCCESS | User: testuser from testclient
2026-03-19 17:45:05 | INFO | AUTH | SUCCESS | User: testuser from testclient
2026-03-19 17:45:06 | INFO | AUTH | SUCCESS | User: testuser from testclient
2026-03-19 17:45:07 | INFO | AUTH | SUCCESS | User: testuser from testclient
2026-03-19 17:45:08 | INFO | AUTH | SUCCESS | User: testuser from testclient
2026-03-19 17:45:09 | INFO | AUTH | SUCCESS | User: testuser from testclient
2026-03-19 17:45:10 | INFO | AUTH | SUCCESS | User: testuser from testclient
2026-03-19 17:45:15 | INFO | AUTH | SUCCESS | User: testuser from testclient
2026-03-19 17:45:16 | INFO | AUTH | SUCCESS | User: testuser from testclient
2026-03-19 17:45:17 | INFO | AUTH | SUCCESS | User: testuser from testclient
2026-03-19 17:51:54 | INFO | AUTH | SUCCESS | User: testuser from testclient
2026-03-19 17:51:54 | INFO | AUTH | FAILED | User: testuser from testclient
2026-03-19 17:51:55 | INFO | AUTH | FAILED | User: wronguser from testclient
2026-03-19 17:51:56 | INFO | AUTH | SUCCESS | User: testuser from testclient
2026-03-19 17:51:58 | INFO | AUTH | SUCCESS | User: testuser from testclient
2026-03-19 17:51:59 | INFO | AUTH | SUCCESS | User: testuser from testclient
2026-03-19 17:52:00 | INFO | AUTH | SUCCESS | User: testuser from testclient
2026-03-19 17:52:00 | INFO | AUTH | SUCCESS | User: testuser from testclient
2026-03-19 17:52:01 | INFO | AUTH | SUCCESS | User: testuser from testclient
2026-03-19 17:52:03 | INFO | AUTH | SUCCESS | User: testuser from testclient
2026-03-19 17:52:04 | INFO | AUTH | SUCCESS | User: testuser from testclient
2026-03-19 17:52:05 | INFO | AUTH | SUCCESS | User: testuser from testclient
2026-03-19 17:52:06 | INFO | AUTH | SUCCESS | User: testuser from testclient
2026-03-19 17:52:07 | INFO | AUTH | SUCCESS | User: testuser from testclient
2026-03-19 17:52:08 | INFO | AUTH | SUCCESS | User: testuser from testclient
2026-03-19 17:52:09 | INFO | AUTH | SUCCESS | User: testuser from testclient
2026-03-19 17:52:10 | INFO | AUTH | SUCCESS | User: testuser from testclient
2026-03-19 17:52:11 | INFO | AUTH | SUCCESS | User: testuser from testclient
2026-03-19 17:52:16 | INFO | AUTH | SUCCESS | User: testuser from testclient
2026-03-19 17:52:17 | INFO | AUTH | SUCCESS | User: testuser from testclient
2026-03-19 17:52:18 | INFO | AUTH | SUCCESS | User: testuser from testclient
2026-03-19 17:53:46 | INFO | AUTH | SUCCESS | User: testuser from testclient
2026-03-19 17:53:47 | INFO | AUTH | FAILED | User: testuser from testclient
2026-03-19 17:53:47 | INFO | AUTH | FAILED | User: wronguser from testclient
2026-03-19 17:53:48 | INFO | AUTH | SUCCESS | User: testuser from testclient
2026-03-19 17:53:51 | INFO | AUTH | SUCCESS | User: testuser from testclient
2026-03-19 17:53:52 | INFO | AUTH | SUCCESS | User: testuser from testclient
2026-03-19 17:53:53 | INFO | AUTH | SUCCESS | User: testuser from testclient
2026-03-19 17:53:55 | INFO | AUTH | SUCCESS | User: testuser from testclient
2026-03-19 17:53:55 | INFO | AUTH | SUCCESS | User: testuser from testclient
2026-03-19 17:53:58 | INFO | AUTH | SUCCESS | User: testuser from testclient
2026-03-19 17:53:59 | INFO | AUTH | SUCCESS | User: testuser from testclient
2026-03-19 17:54:00 | INFO | AUTH | SUCCESS | User: testuser from testclient
2026-03-19 17:54:01 | INFO | AUTH | SUCCESS | User: testuser from testclient
2026-03-19 17:54:02 | INFO | AUTH | SUCCESS | User: testuser from testclient
2026-03-19 17:54:03 | INFO | AUTH | SUCCESS | User: testuser from testclient
2026-03-19 17:54:04 | INFO | AUTH | SUCCESS | User: testuser from testclient
2026-03-19 17:54:05 | INFO | AUTH | SUCCESS | User: testuser from testclient
2026-03-19 17:54:06 | INFO | AUTH | SUCCESS | User: testuser from testclient
2026-03-19 17:54:11 | INFO | AUTH | SUCCESS | User: testuser from testclient
2026-03-19 17:54:12 | INFO | AUTH | SUCCESS | User: testuser from testclient
2026-03-19 17:54:13 | INFO | AUTH | SUCCESS | User: testuser from testclient
2026-03-19 17:56:12 | INFO | AUTH | SUCCESS | User: testuser from testclient
2026-03-19 17:56:13 | INFO | AUTH | FAILED | User: testuser from testclient
2026-03-19 17:56:13 | INFO | AUTH | FAILED | User: wronguser from testclient
2026-03-19 17:56:14 | INFO | AUTH | SUCCESS | User: testuser from testclient
2026-03-19 17:56:18 | INFO | AUTH | SUCCESS | User: testuser from testclient
2026-03-19 17:56:18 | INFO | AUTH | SUCCESS | User: testuser from testclient
2026-03-19 17:56:19 | INFO | AUTH | SUCCESS | User: testuser from testclient
2026-03-19 17:56:20 | INFO | AUTH | SUCCESS | User: testuser from testclient
2026-03-19 17:56:21 | INFO | AUTH | SUCCESS | User: testuser from testclient
2026-03-19 17:56:23 | INFO | AUTH | SUCCESS | User: testuser from testclient
2026-03-19 17:56:24 | INFO | AUTH | SUCCESS | User: testuser from testclient
2026-03-19 17:56:26 | INFO | AUTH | SUCCESS | User: testuser from testclient
2026-03-19 17:56:27 | INFO | AUTH | SUCCESS | User: testuser from testclient
2026-03-19 17:56:28 | INFO | AUTH | SUCCESS | User: testuser from testclient
2026-03-19 17:56:29 | INFO | AUTH | SUCCESS | User: testuser from testclient
2026-03-19 17:56:30 | INFO | AUTH | SUCCESS | User: testuser from testclient
2026-03-19 17:56:31 | INFO | AUTH | SUCCESS | User: testuser from testclient
2026-03-19 17:56:32 | INFO | AUTH | SUCCESS | User: testuser from testclient
2026-03-19 17:56:38 | INFO | AUTH | SUCCESS | User: testuser from testclient
2026-03-19 17:56:39 | INFO | AUTH | SUCCESS | User: testuser from testclient
2026-03-19 17:56:40 | INFO | AUTH | SUCCESS | User: testuser from testclient
2026-03-19 18:04:37 | INFO | AUTH | SUCCESS | User: testuser from testclient
2026-03-19 18:04:37 | INFO | AUTH | FAILED | User: testuser from testclient
2026-03-19 18:04:38 | INFO | AUTH | FAILED | User: wronguser from testclient
2026-03-19 18:04:39 | INFO | AUTH | SUCCESS | User: testuser from testclient
2026-03-19 18:04:44 | INFO | AUTH | SUCCESS | User: testuser from testclient
2026-03-19 18:04:45 | INFO | AUTH | SUCCESS | User: testuser from testclient
2026-03-19 18:04:46 | INFO | AUTH | SUCCESS | User: testuser from testclient
2026-03-19 18:04:47 | INFO | AUTH | SUCCESS | User: testuser from testclient
2026-03-19 18:04:48 | INFO | AUTH | SUCCESS | User: testuser from testclient
2026-03-19 18:04:51 | INFO | AUTH | SUCCESS | User: testuser from testclient
2026-03-19 18:04:52 | INFO | AUTH | SUCCESS | User: testuser from testclient
2026-03-19 18:04:53 | INFO | AUTH | SUCCESS | User: testuser from testclient
2026-03-19 18:04:54 | INFO | AUTH | SUCCESS | User: testuser from testclient
2026-03-19 18:04:55 | INFO | AUTH | SUCCESS | User: testuser from testclient
2026-03-19 18:04:56 | INFO | AUTH | SUCCESS | User: testuser from testclient
2026-03-19 18:04:57 | INFO | AUTH | SUCCESS | User: testuser from testclient
2026-03-19 18:04:58 | INFO | AUTH | SUCCESS | User: testuser from testclient
2026-03-19 18:04:59 | INFO | AUTH | SUCCESS | User: testuser from testclient
2026-03-19 18:05:05 | INFO | AUTH | SUCCESS | User: testuser from testclient
2026-03-19 18:05:07 | INFO | AUTH | SUCCESS | User: testuser from testclient
2026-03-19 18:05:08 | INFO | AUTH | SUCCESS | User: testuser from testclient
2026-03-19 18:16:13 | INFO | AUTH | SUCCESS | User: testuser from testclient
2026-03-19 18:16:13 | INFO | AUTH | FAILED | User: testuser from testclient
2026-03-19 18:16:14 | INFO | AUTH | FAILED | User: wronguser from testclient
2026-03-19 18:16:15 | INFO | AUTH | SUCCESS | User: testuser from testclient
2026-03-19 18:16:19 | INFO | AUTH | SUCCESS | User: testuser from testclient
2026-03-19 18:16:20 | INFO | AUTH | SUCCESS | User: testuser from testclient
2026-03-19 18:16:20 | INFO | AUTH | SUCCESS | User: testuser from testclient
2026-03-19 18:16:21 | INFO | AUTH | SUCCESS | User: testuser from testclient
2026-03-19 18:16:22 | INFO | AUTH | SUCCESS | User: testuser from testclient
2026-03-19 18:16:24 | INFO | AUTH | SUCCESS | User: testuser from testclient
2026-03-19 18:16:25 | INFO | AUTH | SUCCESS | User: testuser from testclient
2026-03-19 18:16:25 | INFO | AUTH | SUCCESS | User: testuser from testclient
2026-03-19 18:16:26 | INFO | AUTH | SUCCESS | User: testuser from testclient
2026-03-19 18:16:27 | INFO | AUTH | SUCCESS | User: testuser from testclient
2026-03-19 18:16:28 | INFO | AUTH | SUCCESS | User: testuser from testclient
2026-03-19 18:16:29 | INFO | AUTH | SUCCESS | User: testuser from testclient
2026-03-19 18:16:29 | INFO | AUTH | SUCCESS | User: testuser from testclient
2026-03-19 18:16:30 | INFO | AUTH | SUCCESS | User: testuser from testclient
2026-03-19 18:16:34 | INFO | AUTH | SUCCESS | User: testuser from testclient
2026-03-19 18:16:35 | INFO | AUTH | SUCCESS | User: testuser from testclient
2026-03-19 18:16:36 | INFO | AUTH | SUCCESS | User: testuser from testclient
2026-03-19 18:18:09 | INFO | AUTH | SUCCESS | User: testuser from testclient
2026-03-19 18:18:09 | INFO | AUTH | FAILED | User: testuser from testclient
2026-03-19 18:18:10 | INFO | AUTH | FAILED | User: wronguser from testclient
2026-03-19 18:18:11 | INFO | AUTH | SUCCESS | User: testuser from testclient
2026-03-19 18:18:13 | INFO | AUTH | SUCCESS | User: testuser from testclient
2026-03-19 18:18:14 | INFO | AUTH | SUCCESS | User: testuser from testclient
2026-03-19 18:18:15 | INFO | AUTH | SUCCESS | User: testuser from testclient
2026-03-19 18:18:15 | INFO | AUTH | SUCCESS | User: testuser from testclient
2026-03-19 18:18:16 | INFO | AUTH | SUCCESS | User: testuser from testclient
2026-03-19 18:18:18 | INFO | AUTH | SUCCESS | User: testuser from testclient
2026-03-19 18:18:19 | INFO | AUTH | SUCCESS | User: testuser from testclient
2026-03-19 18:18:20 | INFO | AUTH | SUCCESS | User: testuser from testclient
2026-03-19 18:18:20 | INFO | AUTH | SUCCESS | User: testuser from testclient
2026-03-19 18:18:22 | INFO | AUTH | SUCCESS | User: testuser from testclient
2026-03-19 18:18:22 | INFO | AUTH | SUCCESS | User: testuser from testclient
2026-03-19 18:18:23 | INFO | AUTH | SUCCESS | User: testuser from testclient
2026-03-19 18:18:24 | INFO | AUTH | SUCCESS | User: testuser from testclient
2026-03-19 18:18:25 | INFO | AUTH | SUCCESS | User: testuser from testclient
2026-03-19 18:18:30 | INFO | AUTH | SUCCESS | User: testuser from testclient
2026-03-19 18:18:31 | INFO | AUTH | SUCCESS | User: testuser from testclient
2026-03-19 18:18:32 | INFO | AUTH | SUCCESS | User: testuser from testclient
2026-03-19 18:39:44 | INFO | AUTH | SUCCESS | User: testuser from testclient
2026-03-19 18:39:44 | INFO | AUTH | FAILED | User: testuser from testclient
2026-03-19 18:39:45 | INFO | AUTH | FAILED | User: wronguser from testclient
2026-03-19 18:39:46 | INFO | AUTH | SUCCESS | User: testuser from testclient
2026-03-19 18:39:48 | INFO | AUTH | SUCCESS | User: testuser from testclient
2026-03-19 18:39:49 | INFO | AUTH | SUCCESS | User: testuser from testclient
2026-03-19 18:39:50 | INFO | AUTH | SUCCESS | User: testuser from testclient
2026-03-19 18:39:51 | INFO | AUTH | SUCCESS | User: testuser from testclient
2026-03-19 18:39:52 | INFO | AUTH | SUCCESS | User: testuser from testclient
2026-03-19 18:39:55 | INFO | AUTH | SUCCESS | User: testuser from testclient
2026-03-19 18:39:56 | INFO | AUTH | SUCCESS | User: testuser from testclient
2026-03-19 18:39:57 | INFO | AUTH | SUCCESS | User: testuser from testclient
2026-03-19 18:39:59 | INFO | AUTH | SUCCESS | User: testuser from testclient
2026-03-19 18:40:00 | INFO | AUTH | SUCCESS | User: testuser from testclient
2026-03-19 18:40:01 | INFO | AUTH | SUCCESS | User: testuser from testclient
2026-03-19 18:40:02 | INFO | AUTH | SUCCESS | User: testuser from testclient
2026-03-19 18:40:03 | INFO | AUTH | SUCCESS | User: testuser from testclient
2026-03-19 18:40:04 | INFO | AUTH | SUCCESS | User: testuser from testclient
2026-03-19 18:40:12 | INFO | AUTH | SUCCESS | User: testuser from testclient
2026-03-19 18:40:13 | INFO | AUTH | SUCCESS | User: testuser from testclient
2026-03-19 18:40:14 | INFO | AUTH | SUCCESS | User: testuser from testclient
2026-03-19 18:41:25 | INFO | AUTH | SUCCESS | User: testuser from testclient
2026-03-19 18:41:27 | INFO | AUTH | FAILED | User: testuser from testclient
2026-03-19 18:41:28 | INFO | AUTH | FAILED | User: wronguser from testclient
2026-03-19 18:41:30 | INFO | AUTH | SUCCESS | User: testuser from testclient
2026-03-19 18:41:34 | INFO | AUTH | SUCCESS | User: testuser from testclient
2026-03-19 18:41:35 | INFO | AUTH | SUCCESS | User: testuser from testclient
2026-03-19 18:41:36 | INFO | AUTH | SUCCESS | User: testuser from testclient
2026-03-19 18:41:38 | INFO | AUTH | SUCCESS | User: testuser from testclient
2026-03-19 18:41:41 | INFO | AUTH | SUCCESS | User: testuser from testclient
2026-03-19 18:41:45 | INFO | AUTH | SUCCESS | User: testuser from testclient
2026-03-19 18:41:47 | INFO | AUTH | SUCCESS | User: testuser from testclient
2026-03-19 18:41:49 | INFO | AUTH | SUCCESS | User: testuser from testclient
2026-03-19 18:41:51 | INFO | AUTH | SUCCESS | User: testuser from testclient
2026-03-19 18:41:53 | INFO | AUTH | SUCCESS | User: testuser from testclient
2026-03-19 18:41:55 | INFO | AUTH | SUCCESS | User: testuser from testclient
2026-03-19 18:41:56 | INFO | AUTH | SUCCESS | User: testuser from testclient
2026-03-19 18:41:58 | INFO | AUTH | SUCCESS | User: testuser from testclient
2026-03-19 18:41:59 | INFO | AUTH | SUCCESS | User: testuser from testclient
2026-03-19 18:42:07 | INFO | AUTH | SUCCESS | User: testuser from testclient
2026-03-19 18:42:09 | INFO | AUTH | SUCCESS | User: testuser from testclient
2026-03-19 18:42:11 | INFO | AUTH | SUCCESS | User: testuser from testclient
2026-03-19 18:45:09 | INFO | AUTH | SUCCESS | User: testuser from testclient
2026-03-19 18:45:12 | INFO | AUTH | FAILED | User: testuser from testclient
2026-03-19 18:45:14 | INFO | AUTH | FAILED | User: wronguser from testclient
2026-03-19 18:45:16 | INFO | AUTH | SUCCESS | User: testuser from testclient
2026-03-19 18:45:19 | INFO | AUTH | SUCCESS | User: testuser from testclient
2026-03-19 18:45:21 | INFO | AUTH | SUCCESS | User: testuser from testclient
2026-03-19 18:45:22 | INFO | AUTH | SUCCESS | User: testuser from testclient
2026-03-19 18:45:24 | INFO | AUTH | SUCCESS | User: testuser from testclient
2026-03-19 18:45:25 | INFO | AUTH | SUCCESS | User: testuser from testclient
2026-03-19 18:45:28 | INFO | AUTH | SUCCESS | User: testuser from testclient
2026-03-19 18:45:29 | INFO | AUTH | SUCCESS | User: testuser from testclient
2026-03-19 18:45:30 | INFO | AUTH | SUCCESS | User: testuser from testclient
2026-03-19 18:45:32 | INFO | AUTH | SUCCESS | User: testuser from testclient
2026-03-19 18:45:33 | INFO | AUTH | SUCCESS | User: testuser from testclient
2026-03-19 18:45:34 | INFO | AUTH | SUCCESS | User: testuser from testclient
2026-03-19 18:45:36 | INFO | AUTH | SUCCESS | User: testuser from testclient
2026-03-19 18:45:38 | INFO | AUTH | SUCCESS | User: testuser from testclient
2026-03-19 18:45:39 | INFO | AUTH | SUCCESS | User: testuser from testclient
2026-03-19 18:45:46 | INFO | AUTH | SUCCESS | User: testuser from testclient
2026-03-19 18:45:48 | INFO | AUTH | SUCCESS | User: testuser from testclient
2026-03-19 18:45:49 | INFO | AUTH | SUCCESS | User: testuser from testclient
2026-03-19 18:50:07 | INFO | AUTH | SUCCESS | User: testuser from testclient
2026-03-19 18:50:08 | INFO | AUTH | FAILED | User: testuser from testclient
2026-03-19 18:50:08 | INFO | AUTH | FAILED | User: wronguser from testclient
2026-03-19 18:50:09 | INFO | AUTH | SUCCESS | User: testuser from testclient
2026-03-19 18:50:12 | INFO | AUTH | SUCCESS | User: testuser from testclient
2026-03-19 18:50:12 | INFO | AUTH | SUCCESS | User: testuser from testclient
2026-03-19 18:50:13 | INFO | AUTH | SUCCESS | User: testuser from testclient
2026-03-19 18:50:14 | INFO | AUTH | SUCCESS | User: testuser from testclient
2026-03-19 18:50:15 | INFO | AUTH | SUCCESS | User: testuser from testclient
2026-03-19 18:50:18 | INFO | AUTH | SUCCESS | User: testuser from testclient
2026-03-19 18:50:19 | INFO | AUTH | SUCCESS | User: testuser from testclient
2026-03-19 18:50:20 | INFO | AUTH | SUCCESS | User: testuser from testclient
2026-03-19 18:50:22 | INFO | AUTH | SUCCESS | User: testuser from testclient
2026-03-19 18:50:23 | INFO | AUTH | SUCCESS | User: testuser from testclient
2026-03-19 18:50:24 | INFO | AUTH | SUCCESS | User: testuser from testclient
2026-03-19 18:50:25 | INFO | AUTH | SUCCESS | User: testuser from testclient
2026-03-19 18:50:26 | INFO | AUTH | SUCCESS | User: testuser from testclient
2026-03-19 18:50:27 | INFO | AUTH | SUCCESS | User: testuser from testclient
2026-03-19 18:50:33 | INFO | AUTH | SUCCESS | User: testuser from testclient
2026-03-19 18:50:34 | INFO | AUTH | SUCCESS | User: testuser from testclient
2026-03-19 18:50:35 | INFO | AUTH | SUCCESS | User: testuser from testclient
2026-03-19 18:51:39 | INFO | AUTH | SUCCESS | User: testuser from testclient
2026-03-19 18:51:40 | INFO | AUTH | FAILED | User: testuser from testclient
2026-03-19 18:51:41 | INFO | AUTH | FAILED | User: wronguser from testclient
2026-03-19 18:51:42 | INFO | AUTH | SUCCESS | User: testuser from testclient
2026-03-19 18:51:45 | INFO | AUTH | SUCCESS | User: testuser from testclient
2026-03-19 18:51:48 | INFO | AUTH | SUCCESS | User: testuser from testclient
2026-03-19 18:51:50 | INFO | AUTH | SUCCESS | User: testuser from testclient
2026-03-19 18:51:52 | INFO | AUTH | SUCCESS | User: testuser from testclient
2026-03-19 18:51:53 | INFO | AUTH | SUCCESS | User: testuser from testclient
2026-03-19 18:51:58 | INFO | AUTH | SUCCESS | User: testuser from testclient
2026-03-19 18:51:59 | INFO | AUTH | SUCCESS | User: testuser from testclient
2026-03-19 18:52:01 | INFO | AUTH | SUCCESS | User: testuser from testclient
2026-03-19 18:52:03 | INFO | AUTH | SUCCESS | User: testuser from testclient
2026-03-19 18:52:04 | INFO | AUTH | SUCCESS | User: testuser from testclient
2026-03-19 18:52:05 | INFO | AUTH | SUCCESS | User: testuser from testclient
2026-03-19 18:52:07 | INFO | AUTH | SUCCESS | User: testuser from testclient
2026-03-19 18:52:09 | INFO | AUTH | SUCCESS | User: testuser from testclient
2026-03-19 18:52:10 | INFO | AUTH | SUCCESS | User: testuser from testclient
2026-03-19 18:52:18 | INFO | AUTH | SUCCESS | User: testuser from testclient
2026-03-19 18:52:20 | INFO | AUTH | SUCCESS | User: testuser from testclient
2026-03-19 18:52:21 | INFO | AUTH | SUCCESS | User: testuser from testclient
2026-03-19 18:53:23 | INFO | AUTH | SUCCESS | User: testuser from testclient
2026-03-19 18:53:25 | INFO | AUTH | FAILED | User: testuser from testclient
2026-03-19 18:53:26 | INFO | AUTH | FAILED | User: wronguser from testclient
2026-03-19 18:53:28 | INFO | AUTH | SUCCESS | User: testuser from testclient
2026-03-19 18:53:34 | INFO | AUTH | SUCCESS | User: testuser from testclient
2026-03-19 18:53:36 | INFO | AUTH | SUCCESS | User: testuser from testclient
2026-03-19 18:53:37 | INFO | AUTH | SUCCESS | User: testuser from testclient
2026-03-19 18:53:39 | INFO | AUTH | SUCCESS | User: testuser from testclient
2026-03-19 18:53:40 | INFO | AUTH | SUCCESS | User: testuser from testclient
2026-03-19 18:53:44 | INFO | AUTH | SUCCESS | User: testuser from testclient
2026-03-19 18:53:45 | INFO | AUTH | SUCCESS | User: testuser from testclient
2026-03-19 18:53:46 | INFO | AUTH | SUCCESS | User: testuser from testclient
2026-03-19 18:53:47 | INFO | AUTH | SUCCESS | User: testuser from testclient
2026-03-19 18:53:48 | INFO | AUTH | SUCCESS | User: testuser from testclient
2026-03-19 18:53:49 | INFO | AUTH | SUCCESS | User: testuser from testclient
2026-03-19 18:53:51 | INFO | AUTH | SUCCESS | User: testuser from testclient
2026-03-19 18:53:52 | INFO | AUTH | SUCCESS | User: testuser from testclient
2026-03-19 18:53:53 | INFO | AUTH | SUCCESS | User: testuser from testclient
2026-03-19 18:54:00 | INFO | AUTH | SUCCESS | User: testuser from testclient
2026-03-19 18:54:02 | INFO | AUTH | SUCCESS | User: testuser from testclient
2026-03-19 18:54:03 | INFO | AUTH | SUCCESS | User: testuser from testclient
2026-03-19 19:20:27 | INFO | AUTH | SUCCESS | User: testuser from testclient
2026-03-19 19:20:27 | INFO | AUTH | FAILED | User: testuser from testclient
2026-03-19 19:20:28 | INFO | AUTH | FAILED | User: wronguser from testclient
2026-03-19 19:20:29 | INFO | AUTH | SUCCESS | User: testuser from testclient
2026-03-19 19:20:31 | INFO | AUTH | SUCCESS | User: testuser from testclient
2026-03-19 19:20:32 | INFO | AUTH | SUCCESS | User: testuser from testclient
2026-03-19 19:20:33 | INFO | AUTH | SUCCESS | User: testuser from testclient
2026-03-19 19:20:34 | INFO | AUTH | SUCCESS | User: testuser from testclient
2026-03-19 19:20:35 | INFO | AUTH | SUCCESS | User: testuser from testclient
2026-03-19 19:20:38 | INFO | AUTH | SUCCESS | User: testuser from testclient
2026-03-19 19:20:40 | INFO | AUTH | SUCCESS | User: testuser from testclient
2026-03-19 19:20:42 | INFO | AUTH | SUCCESS | User: testuser from testclient
2026-03-19 19:20:44 | INFO | AUTH | SUCCESS | User: testuser from testclient
2026-03-19 19:20:45 | INFO | AUTH | SUCCESS | User: testuser from testclient
2026-03-19 19:20:47 | INFO | AUTH | SUCCESS | User: testuser from testclient
2026-03-19 19:20:49 | INFO | AUTH | SUCCESS | User: testuser from testclient
2026-03-19 19:20:51 | INFO | AUTH | SUCCESS | User: testuser from testclient
2026-03-19 19:20:53 | INFO | AUTH | SUCCESS | User: testuser from testclient
2026-03-19 19:21:00 | INFO | AUTH | SUCCESS | User: testuser from testclient
2026-03-19 19:21:01 | INFO | AUTH | SUCCESS | User: testuser from testclient
2026-03-19 19:21:02 | INFO | AUTH | SUCCESS | User: testuser from testclient
